2021-08-17 00:03:44,534 [INFO] com.persistent.ClinicApplication [main] Starting ClinicApplication using Java 16.0.1 on TheBeast with PID 11996 (D:\GEMS_JAVA_21\clinic (2)\clinic\target\classes started by NikhilSN in D:\GEMS_JAVA_21\clinic (2)\clinic)
2021-08-17 00:03:44,543 [INFO] com.persistent.ClinicApplication [main] No active profile set, falling back to default profiles: default
2021-08-17 00:03:45,276 [INFO] org.springframework.data.repository.config.RepositoryConfigurationDelegate [main] Bootstrapping Spring Data JPA repositories in DEFAULT mode.
2021-08-17 00:03:45,348 [INFO] org.springframework.data.repository.config.RepositoryConfigurationDelegate [main] Finished Spring Data repository scanning in 59 ms. Found 5 JPA repository interfaces.
2021-08-17 00:03:46,038 [INFO] org.springframework.boot.web.embedded.tomcat.TomcatWebServer [main] Tomcat initialized with port(s): 8088 (http)
2021-08-17 00:03:46,050 [INFO] org.apache.catalina.core.StandardService [main] Starting service [Tomcat]
2021-08-17 00:03:46,050 [INFO] org.apache.catalina.core.StandardEngine [main] Starting Servlet engine: [Apache Tomcat/9.0.50]
2021-08-17 00:03:46,254 [INFO] org.apache.jasper.servlet.TldScanner [main] At least one JAR was scanned for TLDs yet contained no TLDs. Enable debug logging for this logger for a complete list of JARs that were scanned but no TLDs were found in them. Skipping unneeded JARs during scanning can improve startup time and JSP compilation time.
2021-08-17 00:03:46,266 [INFO] org.apache.catalina.core.ContainerBase.[Tomcat].[localhost].[/] [main] Initializing Spring embedded WebApplicationContext
2021-08-17 00:03:46,267 [INFO] org.springframework.boot.web.servlet.context.ServletWebServerApplicationContext [main] Root WebApplicationContext: initialization completed in 1680 ms
2021-08-17 00:03:46,415 [INFO] org.hibernate.jpa.internal.util.LogHelper [main] HHH000204: Processing PersistenceUnitInfo [name: default]
2021-08-17 00:03:46,461 [INFO] org.hibernate.Version [main] HHH000412: Hibernate ORM core version 5.4.32.Final
2021-08-17 00:03:46,590 [INFO] org.hibernate.annotations.common.Version [main] HCANN000001: Hibernate Commons Annotations {5.1.2.Final}
2021-08-17 00:03:46,698 [INFO] com.zaxxer.hikari.HikariDataSource [main] HikariPool-1 - Starting...
2021-08-17 00:03:46,702 [WARN] com.zaxxer.hikari.util.DriverDataSource [main] Registered driver with driverClassName=com.mysql.jdbc.Driver was not found, trying direct instantiation.
2021-08-17 00:03:47,073 [INFO] com.zaxxer.hikari.HikariDataSource [main] HikariPool-1 - Start completed.
2021-08-17 00:03:47,090 [INFO] org.hibernate.dialect.Dialect [main] HHH000400: Using dialect: org.hibernate.dialect.MySQL8Dialect
2021-08-17 00:03:47,925 [INFO] org.hibernate.engine.transaction.jta.platform.internal.JtaPlatformInitiator [main] HHH000490: Using JtaPlatform implementation: [org.hibernate.engine.transaction.jta.platform.internal.NoJtaPlatform]
2021-08-17 00:03:47,934 [INFO] org.springframework.orm.jpa.LocalContainerEntityManagerFactoryBean [main] Initialized JPA EntityManagerFactory for persistence unit 'default'
2021-08-17 00:03:47,972 [WARN] org.springframework.boot.autoconfigure.orm.jpa.JpaBaseConfiguration$JpaWebConfiguration [main] spring.jpa.open-in-view is enabled by default. Therefore, database queries may be performed during view rendering. Explicitly configure spring.jpa.open-in-view to disable this warning
2021-08-17 00:03:48,633 [INFO] org.springframework.security.web.DefaultSecurityFilterChain [main] Will secure any request with [org.springframework.security.web.context.request.async.WebAsyncManagerIntegrationFilter@71b32407, org.springframework.security.web.context.SecurityContextPersistenceFilter@578c99ac, org.springframework.security.web.header.HeaderWriterFilter@63e648a0, org.springframework.security.web.authentication.logout.LogoutFilter@61c3d7ac, org.springframework.security.web.authentication.UsernamePasswordAuthenticationFilter@4acdf6e7, org.springframework.security.web.savedrequest.RequestCacheAwareFilter@7bf16972, org.springframework.security.web.servletapi.SecurityContextHolderAwareRequestFilter@3d605657, org.springframework.security.web.authentication.AnonymousAuthenticationFilter@1d686622, org.springframework.security.web.session.SessionManagementFilter@48cbe1c9, org.springframework.security.web.access.ExceptionTranslationFilter@38834000, org.springframework.security.web.access.intercept.FilterSecurityInterceptor@6ffa8126]
2021-08-17 00:03:49,111 [INFO] org.springframework.boot.web.embedded.tomcat.TomcatWebServer [main] Tomcat started on port(s): 8088 (http) with context path ''
2021-08-17 00:03:49,119 [INFO] com.persistent.ClinicApplication [main] Started ClinicApplication in 4.963 seconds (JVM running for 5.626)
2021-08-17 00:03:57,280 [INFO] org.apache.catalina.core.ContainerBase.[Tomcat].[localhost].[/] [http-nio-8088-exec-1] Initializing Spring DispatcherServlet 'dispatcherServlet'
2021-08-17 00:03:57,280 [INFO] org.springframework.web.servlet.DispatcherServlet [http-nio-8088-exec-1] Initializing Servlet 'dispatcherServlet'
2021-08-17 00:03:57,281 [INFO] org.springframework.web.servlet.DispatcherServlet [http-nio-8088-exec-1] Completed initialization in 1 ms
2021-08-17 00:03:57,322 [TRACE] com.persistent.controller.HomeController [http-nio-8088-exec-2] -----------------------------------------------------------------------------------------
2021-08-17 00:03:57,322 [INFO] com.persistent.controller.HomeController [http-nio-8088-exec-2] Homepage called.
2021-08-17 00:04:00,762 [TRACE] com.persistent.controller.DoctorController [http-nio-8088-exec-5] Doctor signup page called.
2021-08-17 00:04:20,551 [TRACE] com.persistent.service.DoctorService [http-nio-8088-exec-6] Returns doctor object for particular username.
2021-08-17 00:04:20,800 [INFO] com.persistent.controller.DoctorController [http-nio-8088-exec-6] Doctor saved to database
2021-08-17 00:04:20,806 [TRACE] com.persistent.controller.DoctorController [http-nio-8088-exec-7] Doctor signup page called.
2021-08-17 00:05:06,701 [TRACE] com.persistent.controller.DoctorController [http-nio-8088-exec-9] Doctor signup page called.
2021-08-17 00:06:31,379 [INFO] com.persistent.ClinicApplication [main] Starting ClinicApplication using Java 16.0.1 on TheBeast with PID 12356 (D:\GEMS_JAVA_21\clinic (2)\clinic\target\classes started by NikhilSN in D:\GEMS_JAVA_21\clinic (2)\clinic)
2021-08-17 00:06:31,382 [INFO] com.persistent.ClinicApplication [main] No active profile set, falling back to default profiles: default
2021-08-17 00:06:32,109 [INFO] org.springframework.data.repository.config.RepositoryConfigurationDelegate [main] Bootstrapping Spring Data JPA repositories in DEFAULT mode.
2021-08-17 00:06:32,175 [INFO] org.springframework.data.repository.config.RepositoryConfigurationDelegate [main] Finished Spring Data repository scanning in 56 ms. Found 5 JPA repository interfaces.
2021-08-17 00:06:32,830 [INFO] org.springframework.boot.web.embedded.tomcat.TomcatWebServer [main] Tomcat initialized with port(s): 8088 (http)
2021-08-17 00:06:32,844 [INFO] org.apache.catalina.core.StandardService [main] Starting service [Tomcat]
2021-08-17 00:06:32,844 [INFO] org.apache.catalina.core.StandardEngine [main] Starting Servlet engine: [Apache Tomcat/9.0.50]
2021-08-17 00:06:33,040 [INFO] org.apache.jasper.servlet.TldScanner [main] At least one JAR was scanned for TLDs yet contained no TLDs. Enable debug logging for this logger for a complete list of JARs that were scanned but no TLDs were found in them. Skipping unneeded JARs during scanning can improve startup time and JSP compilation time.
2021-08-17 00:06:33,051 [INFO] org.apache.catalina.core.ContainerBase.[Tomcat].[localhost].[/] [main] Initializing Spring embedded WebApplicationContext
2021-08-17 00:06:33,051 [INFO] org.springframework.boot.web.servlet.context.ServletWebServerApplicationContext [main] Root WebApplicationContext: initialization completed in 1626 ms
2021-08-17 00:06:33,203 [INFO] org.hibernate.jpa.internal.util.LogHelper [main] HHH000204: Processing PersistenceUnitInfo [name: default]
2021-08-17 00:06:33,270 [INFO] org.hibernate.Version [main] HHH000412: Hibernate ORM core version 5.4.32.Final
2021-08-17 00:06:33,378 [INFO] org.hibernate.annotations.common.Version [main] HCANN000001: Hibernate Commons Annotations {5.1.2.Final}
2021-08-17 00:06:33,477 [INFO] com.zaxxer.hikari.HikariDataSource [main] HikariPool-1 - Starting...
2021-08-17 00:06:33,480 [WARN] com.zaxxer.hikari.util.DriverDataSource [main] Registered driver with driverClassName=com.mysql.jdbc.Driver was not found, trying direct instantiation.
2021-08-17 00:06:33,821 [INFO] com.zaxxer.hikari.HikariDataSource [main] HikariPool-1 - Start completed.
2021-08-17 00:06:33,834 [INFO] org.hibernate.dialect.Dialect [main] HHH000400: Using dialect: org.hibernate.dialect.MySQL8Dialect
2021-08-17 00:06:34,545 [INFO] org.hibernate.engine.transaction.jta.platform.internal.JtaPlatformInitiator [main] HHH000490: Using JtaPlatform implementation: [org.hibernate.engine.transaction.jta.platform.internal.NoJtaPlatform]
2021-08-17 00:06:34,553 [INFO] org.springframework.orm.jpa.LocalContainerEntityManagerFactoryBean [main] Initialized JPA EntityManagerFactory for persistence unit 'default'
2021-08-17 00:06:34,600 [WARN] org.springframework.boot.autoconfigure.orm.jpa.JpaBaseConfiguration$JpaWebConfiguration [main] spring.jpa.open-in-view is enabled by default. Therefore, database queries may be performed during view rendering. Explicitly configure spring.jpa.open-in-view to disable this warning
2021-08-17 00:06:35,122 [INFO] org.springframework.security.web.DefaultSecurityFilterChain [main] Will secure any request with [org.springframework.security.web.context.request.async.WebAsyncManagerIntegrationFilter@4cd9ee2c, org.springframework.security.web.context.SecurityContextPersistenceFilter@53c9541c, org.springframework.security.web.header.HeaderWriterFilter@552b15f6, org.springframework.security.web.authentication.logout.LogoutFilter@2cd877d3, org.springframework.security.web.authentication.UsernamePasswordAuthenticationFilter@140cfc5f, org.springframework.security.web.savedrequest.RequestCacheAwareFilter@3d6745ed, org.springframework.security.web.servletapi.SecurityContextHolderAwareRequestFilter@3b764e66, org.springframework.security.web.authentication.AnonymousAuthenticationFilter@1631dbbc, org.springframework.security.web.session.SessionManagementFilter@4ed5492c, org.springframework.security.web.access.ExceptionTranslationFilter@7ac1161f, org.springframework.security.web.access.intercept.FilterSecurityInterceptor@53335328]
2021-08-17 00:06:35,481 [INFO] org.springframework.boot.web.embedded.tomcat.TomcatWebServer [main] Tomcat started on port(s): 8088 (http) with context path ''
2021-08-17 00:06:35,489 [INFO] com.persistent.ClinicApplication [main] Started ClinicApplication in 4.513 seconds (JVM running for 4.935)
2021-08-17 00:06:51,090 [INFO] org.apache.catalina.core.ContainerBase.[Tomcat].[localhost].[/] [http-nio-8088-exec-1] Initializing Spring DispatcherServlet 'dispatcherServlet'
2021-08-17 00:06:51,091 [INFO] org.springframework.web.servlet.DispatcherServlet [http-nio-8088-exec-1] Initializing Servlet 'dispatcherServlet'
2021-08-17 00:06:51,092 [INFO] org.springframework.web.servlet.DispatcherServlet [http-nio-8088-exec-1] Completed initialization in 1 ms
2021-08-17 00:06:51,198 [TRACE] com.persistent.service.DoctorService [http-nio-8088-exec-1] Returns doctor object for particular username.
2021-08-17 00:06:51,311 [ERROR] com.persistent.controller.DoctorController [http-nio-8088-exec-1] Username already exists in the database!!
2021-08-17 00:08:12,773 [TRACE] com.persistent.service.DoctorService [http-nio-8088-exec-4] Returns doctor object for particular username.
2021-08-17 00:08:24,395 [TRACE] com.persistent.service.DoctorService [http-nio-8088-exec-5] Returns doctor object for particular username.
2021-08-17 00:08:24,589 [INFO] com.persistent.controller.DoctorController [http-nio-8088-exec-5] Doctor saved to database
2021-08-17 00:08:24,598 [TRACE] com.persistent.controller.DoctorController [http-nio-8088-exec-6] Doctor signup page called.
2021-08-17 00:08:27,397 [TRACE] com.persistent.controller.HomeController [http-nio-8088-exec-7] -----------------------------------------------------------------------------------------
2021-08-17 00:08:27,397 [INFO] com.persistent.controller.HomeController [http-nio-8088-exec-7] Homepage called.
2021-08-17 00:08:32,116 [TRACE] com.persistent.service.UserService [http-nio-8088-exec-10] User is trying to log in.
2021-08-17 00:08:32,117 [ERROR] com.persistent.service.UserService [http-nio-8088-exec-10] Invalid username or password!!
2021-08-17 00:08:32,212 [TRACE] com.persistent.controller.HomeController [http-nio-8088-exec-1] -----------------------------------------------------------------------------------------
2021-08-17 00:08:32,212 [INFO] com.persistent.controller.HomeController [http-nio-8088-exec-1] Homepage called.
2021-08-17 00:08:37,861 [TRACE] com.persistent.service.UserService [http-nio-8088-exec-4] User is trying to log in.
2021-08-17 00:08:37,861 [TRACE] com.persistent.service.UserService [http-nio-8088-exec-4] Returns the user details.
2021-08-17 00:08:37,932 [TRACE] com.persistent.controller.HomeController [http-nio-8088-exec-5] -----------------------------------------------------------------------------------------
2021-08-17 00:08:37,932 [INFO] com.persistent.controller.HomeController [http-nio-8088-exec-5] Homepage called.
2021-08-17 00:08:43,448 [TRACE] com.persistent.service.UserService [http-nio-8088-exec-9] User is trying to log in.
2021-08-17 00:08:43,448 [ERROR] com.persistent.service.UserService [http-nio-8088-exec-9] Invalid username or password!!
2021-08-17 00:08:43,517 [TRACE] com.persistent.controller.HomeController [http-nio-8088-exec-8] -----------------------------------------------------------------------------------------
2021-08-17 00:08:43,517 [INFO] com.persistent.controller.HomeController [http-nio-8088-exec-8] Homepage called.
2021-08-17 00:09:05,532 [TRACE] com.persistent.service.UserService [http-nio-8088-exec-2] User is trying to log in.
2021-08-17 00:09:05,533 [TRACE] com.persistent.service.UserService [http-nio-8088-exec-2] Returns the user details.
2021-08-17 00:09:05,603 [TRACE] com.persistent.controller.HomeController [http-nio-8088-exec-3] -----------------------------------------------------------------------------------------
2021-08-17 00:09:05,603 [INFO] com.persistent.controller.HomeController [http-nio-8088-exec-3] Homepage called.
2021-08-17 00:09:11,983 [TRACE] com.persistent.service.UserService [http-nio-8088-exec-7] User is trying to log in.
2021-08-17 00:09:11,984 [TRACE] com.persistent.service.UserService [http-nio-8088-exec-7] Returns the user details.
2021-08-17 00:09:12,054 [TRACE] com.persistent.controller.HomeController [http-nio-8088-exec-6] -----------------------------------------------------------------------------------------
2021-08-17 00:09:12,054 [INFO] com.persistent.controller.HomeController [http-nio-8088-exec-6] Homepage called.
2021-08-17 00:11:05,251 [INFO] com.persistent.ClinicApplication [main] Starting ClinicApplication using Java 16.0.1 on TheBeast with PID 1832 (D:\GEMS_JAVA_21\clinic (2)\clinic\target\classes started by NikhilSN in D:\GEMS_JAVA_21\clinic (2)\clinic)
2021-08-17 00:11:05,254 [INFO] com.persistent.ClinicApplication [main] No active profile set, falling back to default profiles: default
2021-08-17 00:11:06,014 [INFO] org.springframework.data.repository.config.RepositoryConfigurationDelegate [main] Bootstrapping Spring Data JPA repositories in DEFAULT mode.
2021-08-17 00:11:06,086 [INFO] org.springframework.data.repository.config.RepositoryConfigurationDelegate [main] Finished Spring Data repository scanning in 60 ms. Found 5 JPA repository interfaces.
2021-08-17 00:11:06,752 [INFO] org.springframework.boot.web.embedded.tomcat.TomcatWebServer [main] Tomcat initialized with port(s): 8088 (http)
2021-08-17 00:11:06,765 [INFO] org.apache.catalina.core.StandardService [main] Starting service [Tomcat]
2021-08-17 00:11:06,765 [INFO] org.apache.catalina.core.StandardEngine [main] Starting Servlet engine: [Apache Tomcat/9.0.50]
2021-08-17 00:11:07,013 [INFO] org.apache.jasper.servlet.TldScanner [main] At least one JAR was scanned for TLDs yet contained no TLDs. Enable debug logging for this logger for a complete list of JARs that were scanned but no TLDs were found in them. Skipping unneeded JARs during scanning can improve startup time and JSP compilation time.
2021-08-17 00:11:07,025 [INFO] org.apache.catalina.core.ContainerBase.[Tomcat].[localhost].[/] [main] Initializing Spring embedded WebApplicationContext
2021-08-17 00:11:07,025 [INFO] org.springframework.boot.web.servlet.context.ServletWebServerApplicationContext [main] Root WebApplicationContext: initialization completed in 1730 ms
2021-08-17 00:11:07,193 [INFO] org.hibernate.jpa.internal.util.LogHelper [main] HHH000204: Processing PersistenceUnitInfo [name: default]
2021-08-17 00:11:07,248 [INFO] org.hibernate.Version [main] HHH000412: Hibernate ORM core version 5.4.32.Final
2021-08-17 00:11:07,380 [INFO] org.hibernate.annotations.common.Version [main] HCANN000001: Hibernate Commons Annotations {5.1.2.Final}
2021-08-17 00:11:07,471 [INFO] com.zaxxer.hikari.HikariDataSource [main] HikariPool-1 - Starting...
2021-08-17 00:11:07,474 [WARN] com.zaxxer.hikari.util.DriverDataSource [main] Registered driver with driverClassName=com.mysql.jdbc.Driver was not found, trying direct instantiation.
2021-08-17 00:11:07,824 [INFO] com.zaxxer.hikari.HikariDataSource [main] HikariPool-1 - Start completed.
2021-08-17 00:11:07,839 [INFO] org.hibernate.dialect.Dialect [main] HHH000400: Using dialect: org.hibernate.dialect.MySQL8Dialect
2021-08-17 00:11:08,609 [INFO] org.hibernate.engine.transaction.jta.platform.internal.JtaPlatformInitiator [main] HHH000490: Using JtaPlatform implementation: [org.hibernate.engine.transaction.jta.platform.internal.NoJtaPlatform]
2021-08-17 00:11:08,618 [INFO] org.springframework.orm.jpa.LocalContainerEntityManagerFactoryBean [main] Initialized JPA EntityManagerFactory for persistence unit 'default'
2021-08-17 00:11:08,675 [WARN] org.springframework.boot.autoconfigure.orm.jpa.JpaBaseConfiguration$JpaWebConfiguration [main] spring.jpa.open-in-view is enabled by default. Therefore, database queries may be performed during view rendering. Explicitly configure spring.jpa.open-in-view to disable this warning
2021-08-17 00:11:09,250 [INFO] org.springframework.security.web.DefaultSecurityFilterChain [main] Will secure any request with [org.springframework.security.web.context.request.async.WebAsyncManagerIntegrationFilter@3fc4038f, org.springframework.security.web.context.SecurityContextPersistenceFilter@591febcb, org.springframework.security.web.header.HeaderWriterFilter@3cd6d147, org.springframework.security.web.authentication.logout.LogoutFilter@3d605657, org.springframework.security.web.authentication.UsernamePasswordAuthenticationFilter@75312c94, org.springframework.security.web.savedrequest.RequestCacheAwareFilter@600e2000, org.springframework.security.web.servletapi.SecurityContextHolderAwareRequestFilter@38834000, org.springframework.security.web.authentication.AnonymousAuthenticationFilter@4cd9ee2c, org.springframework.security.web.session.SessionManagementFilter@5ec06e97, org.springframework.security.web.access.ExceptionTranslationFilter@4f5bfbca, org.springframework.security.web.access.intercept.FilterSecurityInterceptor@18356951]
2021-08-17 00:11:09,648 [INFO] org.springframework.boot.web.embedded.tomcat.TomcatWebServer [main] Tomcat started on port(s): 8088 (http) with context path ''
2021-08-17 00:11:09,656 [INFO] com.persistent.ClinicApplication [main] Started ClinicApplication in 4.806 seconds (JVM running for 5.244)
2021-08-17 00:11:09,782 [INFO] org.apache.catalina.core.ContainerBase.[Tomcat].[localhost].[/] [http-nio-8088-exec-1] Initializing Spring DispatcherServlet 'dispatcherServlet'
2021-08-17 00:11:09,782 [INFO] org.springframework.web.servlet.DispatcherServlet [http-nio-8088-exec-1] Initializing Servlet 'dispatcherServlet'
2021-08-17 00:11:09,783 [INFO] org.springframework.web.servlet.DispatcherServlet [http-nio-8088-exec-1] Completed initialization in 1 ms
2021-08-17 00:11:09,833 [TRACE] com.persistent.controller.DoctorController [http-nio-8088-exec-1] Doctor signup page called.
2021-08-17 00:11:11,423 [TRACE] com.persistent.controller.DoctorController [http-nio-8088-exec-2] Doctor signup page called.
2021-08-17 00:11:15,815 [TRACE] com.persistent.controller.DoctorController [http-nio-8088-exec-3] Doctor signup page called.
2021-08-17 00:11:28,230 [TRACE] com.persistent.service.DoctorService [http-nio-8088-exec-4] Returns doctor object for particular username.
2021-08-17 00:11:28,353 [ERROR] com.persistent.controller.DoctorController [http-nio-8088-exec-4] Username already exists in the database!!
2021-08-17 00:13:11,821 [INFO] com.persistent.ClinicApplication [main] Starting ClinicApplication using Java 16.0.1 on TheBeast with PID 5548 (D:\GEMS_JAVA_21\clinic (2)\clinic\target\classes started by NikhilSN in D:\GEMS_JAVA_21\clinic (2)\clinic)
2021-08-17 00:13:11,824 [INFO] com.persistent.ClinicApplication [main] No active profile set, falling back to default profiles: default
2021-08-17 00:13:12,533 [INFO] org.springframework.data.repository.config.RepositoryConfigurationDelegate [main] Bootstrapping Spring Data JPA repositories in DEFAULT mode.
2021-08-17 00:13:12,603 [INFO] org.springframework.data.repository.config.RepositoryConfigurationDelegate [main] Finished Spring Data repository scanning in 59 ms. Found 5 JPA repository interfaces.
2021-08-17 00:13:13,269 [INFO] org.springframework.boot.web.embedded.tomcat.TomcatWebServer [main] Tomcat initialized with port(s): 8088 (http)
2021-08-17 00:13:13,280 [INFO] org.apache.catalina.core.StandardService [main] Starting service [Tomcat]
2021-08-17 00:13:13,280 [INFO] org.apache.catalina.core.StandardEngine [main] Starting Servlet engine: [Apache Tomcat/9.0.50]
2021-08-17 00:13:13,490 [INFO] org.apache.jasper.servlet.TldScanner [main] At least one JAR was scanned for TLDs yet contained no TLDs. Enable debug logging for this logger for a complete list of JARs that were scanned but no TLDs were found in them. Skipping unneeded JARs during scanning can improve startup time and JSP compilation time.
2021-08-17 00:13:13,500 [INFO] org.apache.catalina.core.ContainerBase.[Tomcat].[localhost].[/] [main] Initializing Spring embedded WebApplicationContext
2021-08-17 00:13:13,500 [INFO] org.springframework.boot.web.servlet.context.ServletWebServerApplicationContext [main] Root WebApplicationContext: initialization completed in 1631 ms
2021-08-17 00:13:13,671 [INFO] org.hibernate.jpa.internal.util.LogHelper [main] HHH000204: Processing PersistenceUnitInfo [name: default]
2021-08-17 00:13:13,726 [INFO] org.hibernate.Version [main] HHH000412: Hibernate ORM core version 5.4.32.Final
2021-08-17 00:13:13,837 [INFO] org.hibernate.annotations.common.Version [main] HCANN000001: Hibernate Commons Annotations {5.1.2.Final}
2021-08-17 00:13:13,933 [INFO] com.zaxxer.hikari.HikariDataSource [main] HikariPool-1 - Starting...
2021-08-17 00:13:13,936 [WARN] com.zaxxer.hikari.util.DriverDataSource [main] Registered driver with driverClassName=com.mysql.jdbc.Driver was not found, trying direct instantiation.
2021-08-17 00:13:14,303 [INFO] com.zaxxer.hikari.HikariDataSource [main] HikariPool-1 - Start completed.
2021-08-17 00:13:14,317 [INFO] org.hibernate.dialect.Dialect [main] HHH000400: Using dialect: org.hibernate.dialect.MySQL8Dialect
2021-08-17 00:13:15,086 [INFO] org.hibernate.engine.transaction.jta.platform.internal.JtaPlatformInitiator [main] HHH000490: Using JtaPlatform implementation: [org.hibernate.engine.transaction.jta.platform.internal.NoJtaPlatform]
2021-08-17 00:13:15,093 [INFO] org.springframework.orm.jpa.LocalContainerEntityManagerFactoryBean [main] Initialized JPA EntityManagerFactory for persistence unit 'default'
2021-08-17 00:13:15,156 [WARN] org.springframework.boot.autoconfigure.orm.jpa.JpaBaseConfiguration$JpaWebConfiguration [main] spring.jpa.open-in-view is enabled by default. Therefore, database queries may be performed during view rendering. Explicitly configure spring.jpa.open-in-view to disable this warning
2021-08-17 00:13:15,736 [INFO] org.springframework.security.web.DefaultSecurityFilterChain [main] Will secure any request with [org.springframework.security.web.context.request.async.WebAsyncManagerIntegrationFilter@3b663112, org.springframework.security.web.context.SecurityContextPersistenceFilter@3d6745ed, org.springframework.security.web.header.HeaderWriterFilter@4ed5492c, org.springframework.security.web.authentication.logout.LogoutFilter@73b10975, org.springframework.security.web.authentication.UsernamePasswordAuthenticationFilter@43edd2ea, org.springframework.security.web.savedrequest.RequestCacheAwareFilter@797ee1a9, org.springframework.security.web.servletapi.SecurityContextHolderAwareRequestFilter@5b72b13a, org.springframework.security.web.authentication.AnonymousAuthenticationFilter@24a1858a, org.springframework.security.web.session.SessionManagementFilter@53c9541c, org.springframework.security.web.access.ExceptionTranslationFilter@552b15f6, org.springframework.security.web.access.intercept.FilterSecurityInterceptor@f1e1d66]
2021-08-17 00:13:16,125 [INFO] org.springframework.boot.web.embedded.tomcat.TomcatWebServer [main] Tomcat started on port(s): 8088 (http) with context path ''
2021-08-17 00:13:16,132 [INFO] com.persistent.ClinicApplication [main] Started ClinicApplication in 4.709 seconds (JVM running for 5.12)
2021-08-17 00:13:27,104 [INFO] org.apache.catalina.core.ContainerBase.[Tomcat].[localhost].[/] [http-nio-8088-exec-1] Initializing Spring DispatcherServlet 'dispatcherServlet'
2021-08-17 00:13:27,104 [INFO] org.springframework.web.servlet.DispatcherServlet [http-nio-8088-exec-1] Initializing Servlet 'dispatcherServlet'
2021-08-17 00:13:27,105 [INFO] org.springframework.web.servlet.DispatcherServlet [http-nio-8088-exec-1] Completed initialization in 1 ms
2021-08-17 00:13:27,144 [TRACE] com.persistent.controller.DoctorController [http-nio-8088-exec-1] Doctor signup page called.
2021-08-17 00:13:29,097 [TRACE] com.persistent.controller.HomeController [http-nio-8088-exec-2] -----------------------------------------------------------------------------------------
2021-08-17 00:13:29,097 [INFO] com.persistent.controller.HomeController [http-nio-8088-exec-2] Homepage called.
2021-08-17 00:13:33,065 [TRACE] com.persistent.service.UserService [http-nio-8088-exec-5] User is trying to log in.
2021-08-17 00:13:33,065 [TRACE] com.persistent.service.UserService [http-nio-8088-exec-5] Returns the user details.
2021-08-17 00:13:33,170 [TRACE] com.persistent.controller.HomeController [http-nio-8088-exec-6] User authenticated
2021-08-17 00:13:33,171 [TRACE] com.persistent.controller.HomeController [http-nio-8088-exec-6] User directed to patient homepage
2021-08-17 00:13:33,179 [INFO] com.persistent.controller.PatientController [http-nio-8088-exec-7] Patient logged in.
2021-08-17 00:13:33,179 [TRACE] com.persistent.service.PatientService [http-nio-8088-exec-7] Returns patient object for particular username.
2021-08-17 00:13:37,687 [TRACE] com.persistent.controller.HomeController [http-nio-8088-exec-10] -----------------------------------------------------------------------------------------
2021-08-17 00:13:37,687 [INFO] com.persistent.controller.HomeController [http-nio-8088-exec-10] Homepage called.
2021-08-17 00:13:44,239 [TRACE] com.persistent.service.UserService [http-nio-8088-exec-3] Admin is trying to log in.
2021-08-17 00:13:44,310 [TRACE] com.persistent.controller.HomeController [http-nio-8088-exec-4] User authenticated
2021-08-17 00:13:44,310 [TRACE] com.persistent.controller.HomeController [http-nio-8088-exec-4] User directed to admin homepage
2021-08-17 00:13:44,314 [INFO] com.persistent.controller.AdminController [http-nio-8088-exec-5] Admin logged in
2021-08-17 00:13:44,314 [TRACE] com.persistent.service.DoctorService [http-nio-8088-exec-5] Returns all doctors list.
2021-08-17 00:13:44,336 [TRACE] com.persistent.service.PatientService [http-nio-8088-exec-5] Returns all patients list.
2021-08-17 00:13:44,340 [TRACE] com.persistent.service.AppointmentService [http-nio-8088-exec-5] Returns all appointment list.
2021-08-17 00:13:44,386 [TRACE] com.persistent.controller.AdminController [http-nio-8088-exec-5] Started filtering doctor's list according to verification status.
2021-08-17 00:13:44,387 [TRACE] com.persistent.controller.AdminController [http-nio-8088-exec-5] List of all the registered patients.
2021-08-17 00:13:44,387 [TRACE] com.persistent.controller.AdminController [http-nio-8088-exec-5] List of all the appointments.
2021-08-17 00:14:32,150 [TRACE] com.persistent.service.DoctorService [http-nio-8088-exec-7] Returns doctor object for particular username.
2021-08-17 00:14:32,220 [TRACE] com.persistent.controller.AdminController [http-nio-8088-exec-7] Doctor verified.
2021-08-17 00:14:35,476 [TRACE] com.persistent.service.DoctorService [http-nio-8088-exec-8] Returns doctor object for particular username.
2021-08-17 00:14:35,486 [TRACE] com.persistent.controller.AdminController [http-nio-8088-exec-8] Doctor verified.
2021-08-17 00:14:40,434 [TRACE] com.persistent.controller.HomeController [http-nio-8088-exec-2] -----------------------------------------------------------------------------------------
2021-08-17 00:14:40,434 [INFO] com.persistent.controller.HomeController [http-nio-8088-exec-2] Homepage called.
2021-08-17 00:14:46,150 [TRACE] com.persistent.service.UserService [http-nio-8088-exec-4] User is trying to log in.
2021-08-17 00:14:46,151 [TRACE] com.persistent.service.UserService [http-nio-8088-exec-4] Returns the user details.
2021-08-17 00:14:46,219 [TRACE] com.persistent.controller.HomeController [http-nio-8088-exec-5] User authenticated
2021-08-17 00:14:46,220 [TRACE] com.persistent.controller.HomeController [http-nio-8088-exec-5] User directed to patient homepage
2021-08-17 00:14:46,223 [INFO] com.persistent.controller.PatientController [http-nio-8088-exec-6] Patient logged in.
2021-08-17 00:14:46,223 [TRACE] com.persistent.service.PatientService [http-nio-8088-exec-6] Returns patient object for particular username.
2021-08-17 00:14:50,096 [TRACE] com.persistent.service.DoctorService [http-nio-8088-exec-8] Returns only verified doctors list when patient searches.
2021-08-17 00:14:50,096 [INFO] com.persistent.controller.PatientController [http-nio-8088-exec-8] Doctor search called based on the speciality and address
2021-08-17 00:14:51,999 [INFO] com.persistent.controller.PatientController [http-nio-8088-exec-10] Checkout doctor function called
2021-08-17 00:14:51,999 [TRACE] com.persistent.service.DoctorService [http-nio-8088-exec-10] Returns doctor object for particular username.
2021-08-17 00:14:52,002 [TRACE] com.persistent.service.AppointmentService [http-nio-8088-exec-10] Returns list of appointments for which feedback is given.
2021-08-17 00:14:52,006 [TRACE] com.persistent.service.AppointmentService [http-nio-8088-exec-10] Returns average rating of doctor based on feedback ratings.
2021-08-17 00:14:55,053 [TRACE] com.persistent.controller.PatientController [http-nio-8088-exec-4] Slot booking function called
2021-08-17 00:14:55,054 [TRACE] com.persistent.service.DoctorService [http-nio-8088-exec-4] Returns doctor object for particular username.
2021-08-17 00:14:55,056 [TRACE] com.persistent.service.PatientService [http-nio-8088-exec-4] Returns patient object for particular username.
2021-08-17 00:14:55,197 [TRACE] com.persistent.controller.PatientController [http-nio-8088-exec-4] Request for appointment has been sent.
2021-08-17 00:15:00,743 [TRACE] com.persistent.controller.PatientController [http-nio-8088-exec-5] Slot booking function called
2021-08-17 00:15:00,744 [TRACE] com.persistent.service.DoctorService [http-nio-8088-exec-5] Returns doctor object for particular username.
2021-08-17 00:15:00,747 [TRACE] com.persistent.service.PatientService [http-nio-8088-exec-5] Returns patient object for particular username.
2021-08-17 00:15:00,756 [TRACE] com.persistent.controller.PatientController [http-nio-8088-exec-5] Request for appointment has been sent.
2021-08-17 00:15:04,992 [INFO] com.persistent.controller.PatientController [http-nio-8088-exec-6] Patient logged in.
2021-08-17 00:15:04,993 [TRACE] com.persistent.service.PatientService [http-nio-8088-exec-6] Returns patient object for particular username.
2021-08-17 00:15:05,939 [INFO] com.persistent.controller.PatientController [http-nio-8088-exec-8] User reached his/her profile page
2021-08-17 00:15:05,940 [TRACE] com.persistent.service.AppointmentService [http-nio-8088-exec-8] Returns all appointments for particular username.
2021-08-17 00:15:05,994 [TRACE] com.persistent.controller.PatientController [http-nio-8088-exec-8] Appointment list is filtered based on status.
2021-08-17 00:15:05,994 [TRACE] com.persistent.service.PatientService [http-nio-8088-exec-8] Returns patient object for particular username.
2021-08-17 00:15:12,257 [TRACE] com.persistent.controller.HomeController [http-nio-8088-exec-3] -----------------------------------------------------------------------------------------
2021-08-17 00:15:12,258 [INFO] com.persistent.controller.HomeController [http-nio-8088-exec-3] Homepage called.
2021-08-17 00:15:16,064 [TRACE] com.persistent.service.UserService [http-nio-8088-exec-5] User is trying to log in.
2021-08-17 00:15:16,065 [TRACE] com.persistent.service.UserService [http-nio-8088-exec-5] Returns the user details.
2021-08-17 00:15:16,133 [TRACE] com.persistent.controller.HomeController [http-nio-8088-exec-6] User authenticated
2021-08-17 00:15:16,133 [TRACE] com.persistent.controller.HomeController [http-nio-8088-exec-6] User directed to doctor homepage
2021-08-17 00:15:16,136 [INFO] com.persistent.controller.DoctorController [http-nio-8088-exec-7] Doctor logged in.
2021-08-17 00:15:16,136 [TRACE] com.persistent.service.DoctorService [http-nio-8088-exec-7] Returns doctor object for particular username.
2021-08-17 00:15:16,139 [TRACE] com.persistent.controller.DoctorController [http-nio-8088-exec-7] Fetching appointments.
2021-08-17 00:15:16,142 [TRACE] com.persistent.controller.DoctorController [http-nio-8088-exec-7] Filtering appointment list based on status.
2021-08-17 00:15:20,260 [INFO] com.persistent.controller.DoctorController [http-nio-8088-exec-2] Appointment accepted.
2021-08-17 00:15:23,224 [INFO] com.persistent.controller.DoctorController [http-nio-8088-exec-3] Appointment accepted.
2021-08-17 00:15:31,317 [TRACE] com.persistent.controller.HomeController [http-nio-8088-exec-4] -----------------------------------------------------------------------------------------
2021-08-17 00:15:31,318 [INFO] com.persistent.controller.HomeController [http-nio-8088-exec-4] Homepage called.
2021-08-17 00:15:33,827 [TRACE] com.persistent.service.UserService [http-nio-8088-exec-7] User is trying to log in.
2021-08-17 00:15:33,828 [TRACE] com.persistent.service.UserService [http-nio-8088-exec-7] Returns the user details.
2021-08-17 00:15:33,897 [TRACE] com.persistent.controller.HomeController [http-nio-8088-exec-8] User authenticated
2021-08-17 00:15:33,897 [TRACE] com.persistent.controller.HomeController [http-nio-8088-exec-8] User directed to patient homepage
2021-08-17 00:15:33,900 [INFO] com.persistent.controller.PatientController [http-nio-8088-exec-9] Patient logged in.
2021-08-17 00:15:33,900 [TRACE] com.persistent.service.PatientService [http-nio-8088-exec-9] Returns patient object for particular username.
2021-08-17 00:15:40,287 [INFO] com.persistent.controller.PatientController [http-nio-8088-exec-2] User reached his/her profile page
2021-08-17 00:15:40,287 [TRACE] com.persistent.service.AppointmentService [http-nio-8088-exec-2] Returns all appointments for particular username.
2021-08-17 00:15:40,296 [TRACE] com.persistent.controller.PatientController [http-nio-8088-exec-2] Appointment list is filtered based on status.
2021-08-17 00:15:40,296 [TRACE] com.persistent.service.PatientService [http-nio-8088-exec-2] Returns patient object for particular username.
2021-08-17 00:15:42,664 [INFO] com.persistent.controller.PatientController [http-nio-8088-exec-4] Feedback page called.
2021-08-17 00:15:49,115 [INFO] com.persistent.controller.PatientController [http-nio-8088-exec-6] Feedback submitted.
2021-08-17 00:15:49,119 [INFO] com.persistent.controller.PatientController [http-nio-8088-exec-5] Feedback page called.
2021-08-17 00:15:54,758 [INFO] com.persistent.controller.PatientController [http-nio-8088-exec-7] User reached his/her profile page
2021-08-17 00:15:54,758 [TRACE] com.persistent.service.AppointmentService [http-nio-8088-exec-7] Returns all appointments for particular username.
2021-08-17 00:15:54,767 [TRACE] com.persistent.controller.PatientController [http-nio-8088-exec-7] Appointment list is filtered based on status.
2021-08-17 00:15:54,767 [TRACE] com.persistent.service.PatientService [http-nio-8088-exec-7] Returns patient object for particular username.
2021-08-17 00:15:56,971 [INFO] com.persistent.controller.PatientController [http-nio-8088-exec-10] Feedback page called.
2021-08-17 00:16:04,857 [INFO] com.persistent.controller.PatientController [http-nio-8088-exec-2] Feedback submitted.
2021-08-17 00:16:04,860 [INFO] com.persistent.controller.PatientController [http-nio-8088-exec-1] Feedback page called.
2021-08-17 00:16:05,958 [INFO] com.persistent.controller.PatientController [http-nio-8088-exec-3] User reached his/her profile page
2021-08-17 00:16:05,958 [TRACE] com.persistent.service.AppointmentService [http-nio-8088-exec-3] Returns all appointments for particular username.
2021-08-17 00:16:05,967 [TRACE] com.persistent.controller.PatientController [http-nio-8088-exec-3] Appointment list is filtered based on status.
2021-08-17 00:16:05,967 [TRACE] com.persistent.service.PatientService [http-nio-8088-exec-3] Returns patient object for particular username.
2021-08-17 00:16:07,678 [INFO] com.persistent.controller.PatientController [http-nio-8088-exec-5] Feedback page called.
2021-08-17 00:16:16,466 [INFO] com.persistent.controller.PatientController [http-nio-8088-exec-7] Feedback submitted.
2021-08-17 00:16:16,469 [INFO] com.persistent.controller.PatientController [http-nio-8088-exec-8] Feedback page called.
2021-08-17 00:16:18,201 [INFO] com.persistent.controller.PatientController [http-nio-8088-exec-9] User reached his/her profile page
2021-08-17 00:16:18,201 [TRACE] com.persistent.service.AppointmentService [http-nio-8088-exec-9] Returns all appointments for particular username.
2021-08-17 00:16:18,210 [TRACE] com.persistent.controller.PatientController [http-nio-8088-exec-9] Appointment list is filtered based on status.
2021-08-17 00:16:18,211 [TRACE] com.persistent.service.PatientService [http-nio-8088-exec-9] Returns patient object for particular username.
2021-08-17 00:16:21,554 [INFO] com.persistent.controller.PatientController [http-nio-8088-exec-1] Patient logged in.
2021-08-17 00:16:21,554 [TRACE] com.persistent.service.PatientService [http-nio-8088-exec-1] Returns patient object for particular username.
2021-08-17 00:16:25,202 [TRACE] com.persistent.service.DoctorService [http-nio-8088-exec-6] Returns only verified doctors list when patient searches.
2021-08-17 00:16:25,202 [INFO] com.persistent.controller.PatientController [http-nio-8088-exec-6] Doctor search called based on the speciality and address
2021-08-17 00:16:26,743 [INFO] com.persistent.controller.PatientController [http-nio-8088-exec-5] Checkout doctor function called
2021-08-17 00:16:26,743 [TRACE] com.persistent.service.DoctorService [http-nio-8088-exec-5] Returns doctor object for particular username.
2021-08-17 00:16:26,747 [TRACE] com.persistent.service.AppointmentService [http-nio-8088-exec-5] Returns list of appointments for which feedback is given.
2021-08-17 00:16:26,750 [TRACE] com.persistent.service.AppointmentService [http-nio-8088-exec-5] Returns average rating of doctor based on feedback ratings.
2021-08-17 00:16:55,514 [INFO] com.persistent.controller.PatientController [http-nio-8088-exec-2] Patient logged in.
2021-08-17 00:16:55,514 [TRACE] com.persistent.service.PatientService [http-nio-8088-exec-2] Returns patient object for particular username.
2021-08-17 00:17:00,475 [TRACE] com.persistent.service.DoctorService [http-nio-8088-exec-1] Returns only verified doctors list when patient searches.
2021-08-17 00:17:00,475 [INFO] com.persistent.controller.PatientController [http-nio-8088-exec-1] Doctor search called based on the speciality and address
2021-08-17 00:17:02,190 [INFO] com.persistent.controller.PatientController [http-nio-8088-exec-6] Checkout doctor function called
2021-08-17 00:17:02,190 [TRACE] com.persistent.service.DoctorService [http-nio-8088-exec-6] Returns doctor object for particular username.
2021-08-17 00:17:02,193 [TRACE] com.persistent.service.AppointmentService [http-nio-8088-exec-6] Returns list of appointments for which feedback is given.
2021-08-17 00:17:02,197 [TRACE] com.persistent.service.AppointmentService [http-nio-8088-exec-6] Returns average rating of doctor based on feedback ratings.
2021-08-17 00:17:12,852 [INFO] com.persistent.controller.PatientController [http-nio-8088-exec-7] Patient logged in.
2021-08-17 00:17:12,852 [TRACE] com.persistent.service.PatientService [http-nio-8088-exec-7] Returns patient object for particular username.
2021-08-17 00:17:13,799 [INFO] com.persistent.controller.PatientController [http-nio-8088-exec-2] User reached his/her profile page
2021-08-17 00:17:13,800 [TRACE] com.persistent.service.AppointmentService [http-nio-8088-exec-2] Returns all appointments for particular username.
2021-08-17 00:17:13,808 [TRACE] com.persistent.controller.PatientController [http-nio-8088-exec-2] Appointment list is filtered based on status.
2021-08-17 00:17:13,808 [TRACE] com.persistent.service.PatientService [http-nio-8088-exec-2] Returns patient object for particular username.
2021-08-17 00:17:24,818 [TRACE] com.persistent.controller.HomeController [http-nio-8088-exec-6] -----------------------------------------------------------------------------------------
2021-08-17 00:17:24,818 [INFO] com.persistent.controller.HomeController [http-nio-8088-exec-6] Homepage called.
2021-08-17 00:17:34,063 [TRACE] com.persistent.service.UserService [http-nio-8088-exec-8] Admin is trying to log in.
2021-08-17 00:17:34,135 [TRACE] com.persistent.controller.HomeController [http-nio-8088-exec-7] User authenticated
2021-08-17 00:17:34,135 [TRACE] com.persistent.controller.HomeController [http-nio-8088-exec-7] User directed to admin homepage
2021-08-17 00:17:34,138 [INFO] com.persistent.controller.AdminController [http-nio-8088-exec-9] Admin logged in
2021-08-17 00:17:34,138 [TRACE] com.persistent.service.DoctorService [http-nio-8088-exec-9] Returns all doctors list.
2021-08-17 00:17:34,142 [TRACE] com.persistent.service.PatientService [http-nio-8088-exec-9] Returns all patients list.
2021-08-17 00:17:34,144 [TRACE] com.persistent.service.AppointmentService [http-nio-8088-exec-9] Returns all appointment list.
2021-08-17 00:17:34,148 [TRACE] com.persistent.controller.AdminController [http-nio-8088-exec-9] Started filtering doctor's list according to verification status.
2021-08-17 00:17:34,148 [TRACE] com.persistent.controller.AdminController [http-nio-8088-exec-9] List of all the registered patients.
2021-08-17 00:17:34,148 [TRACE] com.persistent.controller.AdminController [http-nio-8088-exec-9] List of all the appointments.
2021-08-17 00:18:01,108 [TRACE] com.persistent.controller.HomeController [http-nio-8088-exec-10] -----------------------------------------------------------------------------------------
2021-08-17 00:18:01,109 [INFO] com.persistent.controller.HomeController [http-nio-8088-exec-10] Homepage called.
2021-08-17 00:18:05,779 [TRACE] com.persistent.controller.PatientController [http-nio-8088-exec-4] Patient signup page called.
2021-08-17 00:18:08,722 [TRACE] com.persistent.controller.HomeController [http-nio-8088-exec-7] -----------------------------------------------------------------------------------------
2021-08-17 00:18:08,722 [INFO] com.persistent.controller.HomeController [http-nio-8088-exec-7] Homepage called.
2021-08-17 00:18:11,350 [TRACE] com.persistent.controller.PatientController [http-nio-8088-exec-1] Patient signup page called.
2021-08-17 00:18:27,814 [TRACE] com.persistent.service.PatientService [http-nio-8088-exec-3] Returns patient object for particular username.
2021-08-17 00:19:28,620 [INFO] com.persistent.ClinicApplication [main] Starting ClinicApplication using Java 16.0.1 on TheBeast with PID 2728 (D:\GEMS_JAVA_21\clinic (2)\clinic\target\classes started by NikhilSN in D:\GEMS_JAVA_21\clinic (2)\clinic)
2021-08-17 00:19:28,622 [INFO] com.persistent.ClinicApplication [main] No active profile set, falling back to default profiles: default
2021-08-17 00:19:29,358 [INFO] org.springframework.data.repository.config.RepositoryConfigurationDelegate [main] Bootstrapping Spring Data JPA repositories in DEFAULT mode.
2021-08-17 00:19:29,419 [INFO] org.springframework.data.repository.config.RepositoryConfigurationDelegate [main] Finished Spring Data repository scanning in 51 ms. Found 5 JPA repository interfaces.
2021-08-17 00:19:30,104 [INFO] org.springframework.boot.web.embedded.tomcat.TomcatWebServer [main] Tomcat initialized with port(s): 8088 (http)
2021-08-17 00:19:30,120 [INFO] org.apache.catalina.core.StandardService [main] Starting service [Tomcat]
2021-08-17 00:19:30,121 [INFO] org.apache.catalina.core.StandardEngine [main] Starting Servlet engine: [Apache Tomcat/9.0.50]
2021-08-17 00:19:30,335 [INFO] org.apache.jasper.servlet.TldScanner [main] At least one JAR was scanned for TLDs yet contained no TLDs. Enable debug logging for this logger for a complete list of JARs that were scanned but no TLDs were found in them. Skipping unneeded JARs during scanning can improve startup time and JSP compilation time.
2021-08-17 00:19:30,346 [INFO] org.apache.catalina.core.ContainerBase.[Tomcat].[localhost].[/] [main] Initializing Spring embedded WebApplicationContext
2021-08-17 00:19:30,346 [INFO] org.springframework.boot.web.servlet.context.ServletWebServerApplicationContext [main] Root WebApplicationContext: initialization completed in 1678 ms
2021-08-17 00:19:30,486 [INFO] org.hibernate.jpa.internal.util.LogHelper [main] HHH000204: Processing PersistenceUnitInfo [name: default]
2021-08-17 00:19:30,531 [INFO] org.hibernate.Version [main] HHH000412: Hibernate ORM core version 5.4.32.Final
2021-08-17 00:19:30,655 [INFO] org.hibernate.annotations.common.Version [main] HCANN000001: Hibernate Commons Annotations {5.1.2.Final}
2021-08-17 00:19:30,745 [INFO] com.zaxxer.hikari.HikariDataSource [main] HikariPool-1 - Starting...
2021-08-17 00:19:30,749 [WARN] com.zaxxer.hikari.util.DriverDataSource [main] Registered driver with driverClassName=com.mysql.jdbc.Driver was not found, trying direct instantiation.
2021-08-17 00:19:31,070 [INFO] com.zaxxer.hikari.HikariDataSource [main] HikariPool-1 - Start completed.
2021-08-17 00:19:31,082 [INFO] org.hibernate.dialect.Dialect [main] HHH000400: Using dialect: org.hibernate.dialect.MySQL8Dialect
2021-08-17 00:19:31,772 [INFO] org.hibernate.engine.transaction.jta.platform.internal.JtaPlatformInitiator [main] HHH000490: Using JtaPlatform implementation: [org.hibernate.engine.transaction.jta.platform.internal.NoJtaPlatform]
2021-08-17 00:19:31,781 [INFO] org.springframework.orm.jpa.LocalContainerEntityManagerFactoryBean [main] Initialized JPA EntityManagerFactory for persistence unit 'default'
2021-08-17 00:19:31,831 [WARN] org.springframework.boot.autoconfigure.orm.jpa.JpaBaseConfiguration$JpaWebConfiguration [main] spring.jpa.open-in-view is enabled by default. Therefore, database queries may be performed during view rendering. Explicitly configure spring.jpa.open-in-view to disable this warning
2021-08-17 00:19:32,358 [INFO] org.springframework.security.web.DefaultSecurityFilterChain [main] Will secure any request with [org.springframework.security.web.context.request.async.WebAsyncManagerIntegrationFilter@3ffe74da, org.springframework.security.web.context.SecurityContextPersistenceFilter@5f190cfe, org.springframework.security.web.header.HeaderWriterFilter@591febcb, org.springframework.security.web.authentication.logout.LogoutFilter@5655278d, org.springframework.security.web.authentication.UsernamePasswordAuthenticationFilter@1631dbbc, org.springframework.security.web.savedrequest.RequestCacheAwareFilter@49c947f7, org.springframework.security.web.servletapi.SecurityContextHolderAwareRequestFilter@48cbe1c9, org.springframework.security.web.authentication.AnonymousAuthenticationFilter@359a2c96, org.springframework.security.web.session.SessionManagementFilter@600e2000, org.springframework.security.web.access.ExceptionTranslationFilter@5ec06e97, org.springframework.security.web.access.intercept.FilterSecurityInterceptor@140cfc5f]
2021-08-17 00:19:32,709 [INFO] org.springframework.boot.web.embedded.tomcat.TomcatWebServer [main] Tomcat started on port(s): 8088 (http) with context path ''
2021-08-17 00:19:32,717 [INFO] com.persistent.ClinicApplication [main] Started ClinicApplication in 4.494 seconds (JVM running for 4.911)
2021-08-17 00:19:39,261 [INFO] org.apache.catalina.core.ContainerBase.[Tomcat].[localhost].[/] [http-nio-8088-exec-1] Initializing Spring DispatcherServlet 'dispatcherServlet'
2021-08-17 00:19:39,262 [INFO] org.springframework.web.servlet.DispatcherServlet [http-nio-8088-exec-1] Initializing Servlet 'dispatcherServlet'
2021-08-17 00:19:39,264 [INFO] org.springframework.web.servlet.DispatcherServlet [http-nio-8088-exec-1] Completed initialization in 2 ms
2021-08-17 00:19:39,390 [TRACE] com.persistent.service.PatientService [http-nio-8088-exec-1] Returns patient object for particular username.
