2021-08-14 22:57:19,496 [INFO] com.persistent.ClinicApplication [main] Starting ClinicApplication using Java 16.0.2 on LAPTOP-CQIKRG7M with PID 19344 (F:\MINI PROJECT\clinic\target\classes started by munes in F:\MINI PROJECT\clinic)
2021-08-14 22:57:19,693 [INFO] com.persistent.ClinicApplication [main] No active profile set, falling back to default profiles: default
2021-08-14 22:57:21,299 [INFO] org.springframework.data.repository.config.RepositoryConfigurationDelegate [main] Bootstrapping Spring Data JPA repositories in DEFAULT mode.
2021-08-14 22:57:21,386 [INFO] org.springframework.data.repository.config.RepositoryConfigurationDelegate [main] Finished Spring Data repository scanning in 70 ms. Found 5 JPA repository interfaces.
2021-08-14 22:57:22,574 [INFO] org.springframework.boot.web.embedded.tomcat.TomcatWebServer [main] Tomcat initialized with port(s): 8088 (http)
2021-08-14 22:57:22,586 [INFO] org.apache.catalina.core.StandardService [main] Starting service [Tomcat]
2021-08-14 22:57:22,586 [INFO] org.apache.catalina.core.StandardEngine [main] Starting Servlet engine: [Apache Tomcat/9.0.50]
2021-08-14 22:57:23,026 [INFO] org.apache.jasper.servlet.TldScanner [main] At least one JAR was scanned for TLDs yet contained no TLDs. Enable debug logging for this logger for a complete list of JARs that were scanned but no TLDs were found in them. Skipping unneeded JARs during scanning can improve startup time and JSP compilation time.
2021-08-14 22:57:23,044 [INFO] org.apache.catalina.core.ContainerBase.[Tomcat].[localhost].[/] [main] Initializing Spring embedded WebApplicationContext
2021-08-14 22:57:23,044 [INFO] org.springframework.boot.web.servlet.context.ServletWebServerApplicationContext [main] Root WebApplicationContext: initialization completed in 3232 ms
2021-08-14 22:57:23,433 [INFO] org.hibernate.jpa.internal.util.LogHelper [main] HHH000204: Processing PersistenceUnitInfo [name: default]
2021-08-14 22:57:23,550 [INFO] org.hibernate.Version [main] HHH000412: Hibernate ORM core version 5.4.32.Final
2021-08-14 22:57:23,984 [INFO] org.hibernate.annotations.common.Version [main] HCANN000001: Hibernate Commons Annotations {5.1.2.Final}
2021-08-14 22:57:24,134 [INFO] com.zaxxer.hikari.HikariDataSource [main] HikariPool-1 - Starting...
2021-08-14 22:57:24,148 [WARN] com.zaxxer.hikari.util.DriverDataSource [main] Registered driver with driverClassName=com.mysql.jdbc.Driver was not found, trying direct instantiation.
2021-08-14 22:57:24,829 [INFO] com.zaxxer.hikari.HikariDataSource [main] HikariPool-1 - Start completed.
2021-08-14 22:57:24,853 [INFO] org.hibernate.dialect.Dialect [main] HHH000400: Using dialect: org.hibernate.dialect.MySQL8Dialect
2021-08-14 22:57:26,069 [INFO] org.hibernate.engine.transaction.jta.platform.internal.JtaPlatformInitiator [main] HHH000490: Using JtaPlatform implementation: [org.hibernate.engine.transaction.jta.platform.internal.NoJtaPlatform]
2021-08-14 22:57:26,076 [INFO] org.springframework.orm.jpa.LocalContainerEntityManagerFactoryBean [main] Initialized JPA EntityManagerFactory for persistence unit 'default'
2021-08-14 22:57:26,620 [WARN] org.springframework.boot.autoconfigure.orm.jpa.JpaBaseConfiguration$JpaWebConfiguration [main] spring.jpa.open-in-view is enabled by default. Therefore, database queries may be performed during view rendering. Explicitly configure spring.jpa.open-in-view to disable this warning
2021-08-14 22:57:28,309 [INFO] org.springframework.boot.web.embedded.tomcat.TomcatWebServer [main] Tomcat started on port(s): 8088 (http) with context path ''
2021-08-14 22:57:28,315 [INFO] com.persistent.ClinicApplication [main] Started ClinicApplication in 10.521 seconds (JVM running for 13.1)
2021-08-14 22:57:38,632 [INFO] org.apache.catalina.core.ContainerBase.[Tomcat].[localhost].[/] [http-nio-8088-exec-1] Initializing Spring DispatcherServlet 'dispatcherServlet'
2021-08-14 22:57:38,632 [INFO] org.springframework.web.servlet.DispatcherServlet [http-nio-8088-exec-1] Initializing Servlet 'dispatcherServlet'
2021-08-14 22:57:38,632 [INFO] org.springframework.web.servlet.DispatcherServlet [http-nio-8088-exec-1] Completed initialization in 0 ms
2021-08-14 22:57:52,034 [INFO] com.persistent.controller.HomeController [http-nio-8088-exec-5] User logged in
2021-08-14 22:57:52,034 [INFO] com.persistent.controller.HomeController [http-nio-8088-exec-5] Doctor Service called
2021-08-14 22:58:09,796 [INFO] com.persistent.controller.HomeController [http-nio-8088-exec-10] User logged in
2021-08-14 22:58:09,796 [INFO] com.persistent.controller.HomeController [http-nio-8088-exec-10] Patient service called
2021-08-14 22:58:31,399 [INFO] com.persistent.controller.PatientController [http-nio-8088-exec-2] Doctor search called based on the speciality and address
2021-08-14 22:58:37,027 [INFO] com.persistent.controller.PatientController [http-nio-8088-exec-4] Checkout doctor function called
2021-08-14 22:58:41,344 [INFO] com.persistent.controller.PatientController [http-nio-8088-exec-5] Slot booking function called
2021-08-14 22:58:41,829 [INFO] com.persistent.controller.PatientController [http-nio-8088-exec-5] Appointment details saved in database
2021-08-14 22:58:53,632 [INFO] com.persistent.controller.HomeController [http-nio-8088-exec-8] User logged in
2021-08-14 22:58:53,633 [INFO] com.persistent.controller.HomeController [http-nio-8088-exec-8] Doctor Service called
